<?xml version="1.0" encoding="UTF-8"?>
<testng-results ignored="0" total="7" passed="7" failed="0" skipped="0">
  <reporter-output>
  </reporter-output>
  <suite started-at="2025-04-03T16:43:36 PST" name="Default suite" finished-at="2025-04-03T16:44:20 PST" duration-ms="44328">
    <groups>
    </groups>
    <test started-at="2025-04-03T16:43:36 PST" name="Default test" finished-at="2025-04-03T16:44:20 PST" duration-ms="44328">
      <class name="test.LoginTest">
        <test-method is-config="true" signature="setUp()[pri:0, instance:test.LoginTest@51399530]" started-at="2025-04-03T16:43:36 PST" name="setUp" finished-at="2025-04-03T16:43:45 PST" duration-ms="9050" status="PASS">
          <reporter-output>
          </reporter-output>
        </test-method> <!-- setUp -->
        <test-method signature="testLoginPageAccessibility()[pri:0, instance:test.LoginTest@51399530]" started-at="2025-04-03T16:43:45 PST" name="testLoginPageAccessibility" finished-at="2025-04-03T16:43:45 PST" duration-ms="115" status="PASS">
          <reporter-output>
          </reporter-output>
        </test-method> <!-- testLoginPageAccessibility -->
        <test-method is-config="true" signature="tearDown()[pri:0, instance:test.LoginTest@51399530]" started-at="2025-04-03T16:43:45 PST" name="tearDown" finished-at="2025-04-03T16:43:45 PST" duration-ms="191" status="PASS">
          <reporter-output>
          </reporter-output>
        </test-method> <!-- tearDown -->
        <test-method is-config="true" signature="setUp()[pri:0, instance:test.LoginTest@51399530]" started-at="2025-04-03T16:43:45 PST" name="setUp" finished-at="2025-04-03T16:43:50 PST" duration-ms="4831" status="PASS">
          <reporter-output>
          </reporter-output>
        </test-method> <!-- setUp -->
        <test-method signature="testLoginWithBlankCredentials()[pri:0, instance:test.LoginTest@51399530]" started-at="2025-04-03T16:43:50 PST" name="testLoginWithBlankCredentials" finished-at="2025-04-03T16:43:51 PST" duration-ms="378" status="PASS">
          <reporter-output>
          </reporter-output>
        </test-method> <!-- testLoginWithBlankCredentials -->
        <test-method is-config="true" signature="tearDown()[pri:0, instance:test.LoginTest@51399530]" started-at="2025-04-03T16:43:51 PST" name="tearDown" finished-at="2025-04-03T16:43:51 PST" duration-ms="207" status="PASS">
          <reporter-output>
          </reporter-output>
        </test-method> <!-- tearDown -->
        <test-method is-config="true" signature="setUp()[pri:0, instance:test.LoginTest@51399530]" started-at="2025-04-03T16:43:51 PST" name="setUp" finished-at="2025-04-03T16:43:56 PST" duration-ms="5420" status="PASS">
          <reporter-output>
          </reporter-output>
        </test-method> <!-- setUp -->
        <test-method signature="testLoginWithBlankPassword()[pri:0, instance:test.LoginTest@51399530]" started-at="2025-04-03T16:43:56 PST" name="testLoginWithBlankPassword" finished-at="2025-04-03T16:43:58 PST" duration-ms="1407" status="PASS">
          <reporter-output>
          </reporter-output>
        </test-method> <!-- testLoginWithBlankPassword -->
        <test-method is-config="true" signature="tearDown()[pri:0, instance:test.LoginTest@51399530]" started-at="2025-04-03T16:43:58 PST" name="tearDown" finished-at="2025-04-03T16:43:58 PST" duration-ms="202" status="PASS">
          <reporter-output>
          </reporter-output>
        </test-method> <!-- tearDown -->
        <test-method is-config="true" signature="setUp()[pri:0, instance:test.LoginTest@51399530]" started-at="2025-04-03T16:43:58 PST" name="setUp" finished-at="2025-04-03T16:44:03 PST" duration-ms="4652" status="PASS">
          <reporter-output>
          </reporter-output>
        </test-method> <!-- setUp -->
        <test-method signature="testLoginWithBlankUsername()[pri:0, instance:test.LoginTest@51399530]" started-at="2025-04-03T16:44:03 PST" name="testLoginWithBlankUsername" finished-at="2025-04-03T16:44:03 PST" duration-ms="429" status="PASS">
          <reporter-output>
          </reporter-output>
        </test-method> <!-- testLoginWithBlankUsername -->
        <test-method is-config="true" signature="tearDown()[pri:0, instance:test.LoginTest@51399530]" started-at="2025-04-03T16:44:03 PST" name="tearDown" finished-at="2025-04-03T16:44:03 PST" duration-ms="214" status="PASS">
          <reporter-output>
          </reporter-output>
        </test-method> <!-- tearDown -->
        <test-method is-config="true" signature="setUp()[pri:0, instance:test.LoginTest@51399530]" started-at="2025-04-03T16:44:03 PST" name="setUp" finished-at="2025-04-03T16:44:08 PST" duration-ms="4704" status="PASS">
          <reporter-output>
          </reporter-output>
        </test-method> <!-- setUp -->
        <test-method signature="testLoginWithInvalidPassword()[pri:0, instance:test.LoginTest@51399530]" started-at="2025-04-03T16:44:08 PST" name="testLoginWithInvalidPassword" finished-at="2025-04-03T16:44:08 PST" duration-ms="523" status="PASS">
          <reporter-output>
          </reporter-output>
        </test-method> <!-- testLoginWithInvalidPassword -->
        <test-method is-config="true" signature="tearDown()[pri:0, instance:test.LoginTest@51399530]" started-at="2025-04-03T16:44:08 PST" name="tearDown" finished-at="2025-04-03T16:44:09 PST" duration-ms="212" status="PASS">
          <reporter-output>
          </reporter-output>
        </test-method> <!-- tearDown -->
        <test-method is-config="true" signature="setUp()[pri:0, instance:test.LoginTest@51399530]" started-at="2025-04-03T16:44:09 PST" name="setUp" finished-at="2025-04-03T16:44:14 PST" duration-ms="5405" status="PASS">
          <reporter-output>
          </reporter-output>
        </test-method> <!-- setUp -->
        <test-method signature="testLoginWithInvalidUsername()[pri:0, instance:test.LoginTest@51399530]" started-at="2025-04-03T16:44:14 PST" name="testLoginWithInvalidUsername" finished-at="2025-04-03T16:44:15 PST" duration-ms="459" status="PASS">
          <reporter-output>
          </reporter-output>
        </test-method> <!-- testLoginWithInvalidUsername -->
        <test-method is-config="true" signature="tearDown()[pri:0, instance:test.LoginTest@51399530]" started-at="2025-04-03T16:44:15 PST" name="tearDown" finished-at="2025-04-03T16:44:15 PST" duration-ms="205" status="PASS">
          <reporter-output>
          </reporter-output>
        </test-method> <!-- tearDown -->
        <test-method is-config="true" signature="setUp()[pri:0, instance:test.LoginTest@51399530]" started-at="2025-04-03T16:44:15 PST" name="setUp" finished-at="2025-04-03T16:44:20 PST" duration-ms="4942" status="PASS">
          <reporter-output>
          </reporter-output>
        </test-method> <!-- setUp -->
        <test-method signature="testLoginWithValidCredentials()[pri:0, instance:test.LoginTest@51399530]" started-at="2025-04-03T16:44:20 PST" name="testLoginWithValidCredentials" finished-at="2025-04-03T16:44:20 PST" duration-ms="497" status="PASS">
          <reporter-output>
          </reporter-output>
        </test-method> <!-- testLoginWithValidCredentials -->
        <test-method is-config="true" signature="tearDown()[pri:0, instance:test.LoginTest@51399530]" started-at="2025-04-03T16:44:20 PST" name="tearDown" finished-at="2025-04-03T16:44:20 PST" duration-ms="212" status="PASS">
          <reporter-output>
          </reporter-output>
        </test-method> <!-- tearDown -->
      </class> <!-- test.LoginTest -->
    </test> <!-- Default test -->
  </suite> <!-- Default suite -->
</testng-results>
