<?xml version="1.0" encoding="UTF-8"?>
<!-- Generated by org.testng.reporters.JUnitXMLReporter -->
<testsuite ignored="0" hostname="LAPTOP-RO7N7KNM" failures="0" tests="4" name="Default test" time="21.615" errors="0" timestamp="2025-04-02T21:54:53 PST">
  <testcase classname="test.OrderCompletionTest" name="testBackHomeButtonRedirectsToProductPage" time="0.101"/>
  <testcase classname="test.OrderCompletionTest" name="testCheckoutCompletePageDetails" time="0.077"/>
  <testcase classname="test.OrderCompletionTest" name="testFinishButtonNavigatesToCompletePage" time="0.048"/>
  <testcase classname="test.OrderCompletionTest" name="testUserLandsOnCheckoutCompletePage" time="0.056"/>
</testsuite> <!-- Default test -->
