<?xml version="1.0" encoding="UTF-8"?>
<!-- Generated by org.testng.reporters.JUnitXMLReporter -->
<testsuite ignored="0" hostname="LAPTOP-RO7N7KNM" failures="0" tests="7" name="Default test" time="44.328" errors="0" timestamp="2025-04-03T16:44:20 PST">
  <testcase classname="test.LoginTest" name="testLoginPageAccessibility" time="0.115"/>
  <testcase classname="test.LoginTest" name="testLoginWithBlankCredentials" time="0.378"/>
  <testcase classname="test.LoginTest" name="testLoginWithBlankPassword" time="1.407"/>
  <testcase classname="test.LoginTest" name="testLoginWithBlankUsername" time="0.429"/>
  <testcase classname="test.LoginTest" name="testLoginWithInvalidPassword" time="0.523"/>
  <testcase classname="test.LoginTest" name="testLoginWithInvalidUsername" time="0.459"/>
  <testcase classname="test.LoginTest" name="testLoginWithValidCredentials" time="0.497"/>
</testsuite> <!-- Default test -->
